<?xml version="1.0" encoding="utf-8"?><testsuites name="pytest tests"><testsuite name="pytest" errors="0" failures="1" skipped="0" tests="23" time="5.405" timestamp="2026-05-29T13:05:09.385588+00:00" hostname="agent-env-1559a4ab-18ed-4daf-9f56-8f6968f4c2ae"><testcase classname="backend.tests.test_tokenforge_iter16_scrub.TestEmergentScrubShippedFiles" name="test_no_emergent_or_posthog_in_shipped_file[/app/backend/server.py]" time="0.002" /><testcase classname="backend.tests.test_tokenforge_iter16_scrub.TestEmergentScrubShippedFiles" name="test_no_emergent_or_posthog_in_shipped_file[/app/backend/llm_router.py]" time="0.000" /><testcase classname="backend.tests.test_tokenforge_iter16_scrub.TestEmergentScrubShippedFiles" name="test_no_emergent_or_posthog_in_shipped_file[/app/backend/stripe_service.py]" time="0.000" /><testcase classname="backend.tests.test_tokenforge_iter16_scrub.TestEmergentScrubShippedFiles" name="test_no_emergent_or_posthog_in_shipped_file[/app/backend/byok_service.py]" time="0.000" /><testcase classname="backend.tests.test_tokenforge_iter16_scrub.TestEmergentScrubShippedFiles" name="test_no_emergent_or_posthog_in_shipped_file[/app/backend/email_service.py]" time="0.001" /><testcase classname="backend.tests.test_tokenforge_iter16_scrub.TestEmergentScrubShippedFiles" name="test_no_emergent_or_posthog_in_shipped_file[/app/frontend/public/index.html]" time="0.000" /><testcase classname="backend.tests.test_tokenforge_iter16_scrub.TestEmergentScrubShippedFiles" name="test_no_emergent_or_posthog_in_shipped_file[/app/frontend/craco.config.js]" time="0.000" /><testcase classname="backend.tests.test_tokenforge_iter16_scrub.TestEmergentScrubShippedFiles" name="test_no_emergent_or_posthog_in_shipped_file[/app/frontend/package.json]" time="0.000" /><testcase classname="backend.tests.test_tokenforge_iter16_scrub.TestEmergentScrubShippedFiles" name="test_no_emergent_in_frontend_src" time="0.004" /><testcase classname="backend.tests.test_tokenforge_iter16_scrub.TestEmergentScrubShippedFiles" name="test_emergentintegrations_uninstalled" time="0.015" /><testcase classname="backend.tests.test_tokenforge_iter16_scrub.TestServedHtmlScrub" name="test_served_html_clean" time="0.193" /><testcase classname="backend.tests.test_tokenforge_iter16_scrub.TestRegressionSpine" name="test_public_stats" time="0.138" /><testcase classname="backend.tests.test_tokenforge_iter16_scrub.TestRegressionSpine" name="test_register_login_me" time="1.030" /><testcase classname="backend.tests.test_tokenforge_iter16_scrub.TestRegressionSpine" name="test_admin_keys_list" time="0.448" /><testcase classname="backend.tests.test_tokenforge_iter16_scrub.TestRegressionSpine" name="test_dashboard_overview" time="0.114" /><testcase classname="backend.tests.test_tokenforge_iter16_scrub.TestRegressionSpine" name="test_billing_checkout_returns_live_cs" time="0.718" /><testcase classname="backend.tests.test_tokenforge_iter16_scrub.TestRegressionSpine" name="test_reports_savings_pdf" time="0.140" /><testcase classname="backend.tests.test_tokenforge_iter16_scrub.TestRegressionSpine" name="test_stripe_webhook_bogus_sig" time="0.107" /><testcase classname="backend.tests.test_tokenforge_iter16_scrub.TestBYOKAdmin" name="test_byok_list_admin" time="0.112" /><testcase classname="backend.tests.test_tokenforge_iter16_scrub.TestBYOKAdmin" name="test_byok_free_user_paywalled" time="0.128" /><testcase classname="backend.tests.test_tokenforge_iter16_scrub.TestBYOKNegativeRouting" name="test_proxy_chat_with_bogus_google_key_fails_502" time="1.326" /><testcase classname="backend.tests.test_tokenforge_iter16_scrub.TestBYOKNegativeRouting" name="test_proxy_chat_with_real_google_key_succeeds" time="0.747"><failure message="AssertionError: {&quot;detail&quot;:&quot;LLM call failed: 503 UNAVAILABLE. {'error': {'code': 503, 'message': 'This model is currently experiencing high demand. Spikes in demand are usually temporary. Please try again later.', 'status': 'UNAVAILABLE'}}&quot;}&#10;assert 502 == 200&#10; +  where 502 = &lt;Response [502]&gt;.status_code">backend/tests/test_tokenforge_iter16_scrub.py:256: in test_proxy_chat_with_real_google_key_succeeds
    assert chat.status_code == 200, chat.text[:300]
E   AssertionError: {"detail":"LLM call failed: 503 UNAVAILABLE. {'error': {'code': 503, 'message': 'This model is currently experiencing high demand. Spikes in demand are usually temporary. Please try again later.', 'status': 'UNAVAILABLE'}}"}
E   assert 502 == 200
E    +  where 502 = &lt;Response [502]&gt;.status_code</failure></testcase><testcase classname="backend.tests.test_tokenforge_iter16_scrub.TestEncryptionAtRest" name="test_mongo_byok_keys_no_raw_aiza" time="0.073" /></testsuite></testsuites>