<?xml version="1.0" encoding="utf-8"?><testsuites name="pytest tests"><testsuite name="pytest" errors="0" failures="0" skipped="0" tests="25" time="8.220" timestamp="2026-05-28T19:39:49.187764+00:00" hostname="agent-env-1559a4ab-18ed-4daf-9f56-8f6968f4c2ae"><testcase classname="tests.test_tokenforge_iter7_widget.TestWidgetJs" name="test_widget_js_200_and_content_type" time="0.281" /><testcase classname="tests.test_tokenforge_iter7_widget.TestWidgetJs" name="test_widget_js_body_contains_iife_markers" time="0.151" /><testcase classname="tests.test_tokenforge_iter7_widget.TestWidgetJs" name="test_widget_js_cors_allow_all" time="0.142" /><testcase classname="tests.test_tokenforge_iter7_widget.TestEmbedPagePublic" name="test_embed_public_url_returns_fastapi_html" time="0.633" /><testcase classname="tests.test_tokenforge_iter7_widget.TestEmbedPagePublic" name="test_embed_contains_live_numbers_and_display_name" time="0.299" /><testcase classname="tests.test_tokenforge_iter7_widget.TestEmbedPagePublic" name="test_embed_iframe_headers" time="0.162" /><testcase classname="tests.test_tokenforge_iter7_widget.TestEmbedPagePublic" name="test_embed_unknown_slug_returns_404_html" time="0.116" /><testcase classname="tests.test_tokenforge_iter7_widget.TestEmbedPagePublic" name="test_embed_theme_light_palette" time="0.129" /><testcase classname="tests.test_tokenforge_iter7_widget.TestEmbedPagePublic" name="test_embed_avg_pct_never_exceeds_100" time="0.151" /><testcase classname="tests.test_tokenforge_iter7_widget.TestEmbedPageInternal" name="test_embed_internal_localhost" time="0.004" /><testcase classname="tests.test_tokenforge_iter7_widget.TestEmbedPageInternal" name="test_embed_internal_unknown_slug" time="0.002" /><testcase classname="tests.test_tokenforge_iter7_widget.TestEmbedPageInternal" name="test_embed_internal_light_palette" time="0.003" /><testcase classname="tests.test_tokenforge_iter7_widget.TestEmbedPageInternal" name="test_embed_internal_avg_pct_cap" time="0.004" /><testcase classname="tests.test_tokenforge_iter7_widget.TestAvgPctCap" name="test_share_savings_json_avg_pct_capped" time="0.124" /><testcase classname="tests.test_tokenforge_iter7_widget.TestPriorFlowSmoke" name="test_auth_me_admin" time="0.458" /><testcase classname="tests.test_tokenforge_iter7_widget.TestPriorFlowSmoke" name="test_register_then_me" time="0.727" /><testcase classname="tests.test_tokenforge_iter7_widget.TestPriorFlowSmoke" name="test_optimize_public" time="0.104" /><testcase classname="tests.test_tokenforge_iter7_widget.TestPriorFlowSmoke" name="test_billing_plans" time="0.130" /><testcase classname="tests.test_tokenforge_iter7_widget.TestPriorFlowSmoke" name="test_billing_checkout_monthly" time="0.964" /><testcase classname="tests.test_tokenforge_iter7_widget.TestPriorFlowSmoke" name="test_billing_checkout_annual" time="0.871" /><testcase classname="tests.test_tokenforge_iter7_widget.TestPriorFlowSmoke" name="test_reports_savings_pdf" time="0.494" /><testcase classname="tests.test_tokenforge_iter7_widget.TestPriorFlowSmoke" name="test_dashboard_overview" time="0.445" /><testcase classname="tests.test_tokenforge_iter7_widget.TestPriorFlowSmoke" name="test_admin_overview_admin_ok" time="0.432" /><testcase classname="tests.test_tokenforge_iter7_widget.TestPriorFlowSmoke" name="test_admin_overview_non_admin_forbidden" time="0.766" /><testcase classname="tests.test_tokenforge_iter7_widget.TestPriorFlowSmoke" name="test_share_create_and_get" time="0.550" /></testsuite></testsuites>