<?xml version="1.0" encoding="utf-8"?><testsuites name="pytest tests"><testsuite name="pytest" errors="0" failures="0" skipped="0" tests="25" time="8.234" timestamp="2026-05-28T19:13:34.973213+00:00" hostname="agent-env-1559a4ab-18ed-4daf-9f56-8f6968f4c2ae"><testcase classname="backend.tests.test_tokenforge_iter7_widget.TestWidgetJs" name="test_widget_js_200_and_content_type" time="0.259" /><testcase classname="backend.tests.test_tokenforge_iter7_widget.TestWidgetJs" name="test_widget_js_body_contains_iife_markers" time="0.134" /><testcase classname="backend.tests.test_tokenforge_iter7_widget.TestWidgetJs" name="test_widget_js_cors_allow_all" time="0.116" /><testcase classname="backend.tests.test_tokenforge_iter7_widget.TestEmbedPagePublic" name="test_embed_public_url_returns_fastapi_html" time="1.183" /><testcase classname="backend.tests.test_tokenforge_iter7_widget.TestEmbedPagePublic" name="test_embed_contains_live_numbers_and_display_name" time="0.259" /><testcase classname="backend.tests.test_tokenforge_iter7_widget.TestEmbedPagePublic" name="test_embed_iframe_headers" time="0.107" /><testcase classname="backend.tests.test_tokenforge_iter7_widget.TestEmbedPagePublic" name="test_embed_unknown_slug_returns_404_html" time="0.111" /><testcase classname="backend.tests.test_tokenforge_iter7_widget.TestEmbedPagePublic" name="test_embed_theme_light_palette" time="0.115" /><testcase classname="backend.tests.test_tokenforge_iter7_widget.TestEmbedPagePublic" name="test_embed_avg_pct_never_exceeds_100" time="0.109" /><testcase classname="backend.tests.test_tokenforge_iter7_widget.TestEmbedPageInternal" name="test_embed_internal_localhost" time="0.004" /><testcase classname="backend.tests.test_tokenforge_iter7_widget.TestEmbedPageInternal" name="test_embed_internal_unknown_slug" time="0.002" /><testcase classname="backend.tests.test_tokenforge_iter7_widget.TestEmbedPageInternal" name="test_embed_internal_light_palette" time="0.003" /><testcase classname="backend.tests.test_tokenforge_iter7_widget.TestEmbedPageInternal" name="test_embed_internal_avg_pct_cap" time="0.003" /><testcase classname="backend.tests.test_tokenforge_iter7_widget.TestAvgPctCap" name="test_share_savings_json_avg_pct_capped" time="0.123" /><testcase classname="backend.tests.test_tokenforge_iter7_widget.TestPriorFlowSmoke" name="test_auth_me_admin" time="0.437" /><testcase classname="backend.tests.test_tokenforge_iter7_widget.TestPriorFlowSmoke" name="test_register_then_me" time="0.718" /><testcase classname="backend.tests.test_tokenforge_iter7_widget.TestPriorFlowSmoke" name="test_optimize_public" time="0.103" /><testcase classname="backend.tests.test_tokenforge_iter7_widget.TestPriorFlowSmoke" name="test_billing_plans" time="0.110" /><testcase classname="backend.tests.test_tokenforge_iter7_widget.TestPriorFlowSmoke" name="test_billing_checkout_monthly" time="0.861" /><testcase classname="backend.tests.test_tokenforge_iter7_widget.TestPriorFlowSmoke" name="test_billing_checkout_annual" time="0.776" /><testcase classname="backend.tests.test_tokenforge_iter7_widget.TestPriorFlowSmoke" name="test_reports_savings_pdf" time="0.469" /><testcase classname="backend.tests.test_tokenforge_iter7_widget.TestPriorFlowSmoke" name="test_dashboard_overview" time="0.452" /><testcase classname="backend.tests.test_tokenforge_iter7_widget.TestPriorFlowSmoke" name="test_admin_overview_admin_ok" time="0.462" /><testcase classname="backend.tests.test_tokenforge_iter7_widget.TestPriorFlowSmoke" name="test_admin_overview_non_admin_forbidden" time="0.633" /><testcase classname="backend.tests.test_tokenforge_iter7_widget.TestPriorFlowSmoke" name="test_share_create_and_get" time="0.602" /></testsuite></testsuites>