<?xml version="1.0" encoding="utf-8"?><testsuites name="pytest tests"><testsuite name="pytest" errors="0" failures="0" skipped="0" tests="11" time="19.228" timestamp="2026-05-28T20:40:49.418951+00:00" hostname="agent-env-1559a4ab-18ed-4daf-9f56-8f6968f4c2ae"><testcase classname="backend.tests.test_tokenforge_iter13_email.TestWelcomeEmailVerifiedDomain" name="test_register_to_verified_domain_logs_resend_send_ok" time="4.783" /><testcase classname="backend.tests.test_tokenforge_iter13_email.TestMilestoneFlowEmailDeliverable" name="test_one_dollar_milestone_fires_and_emails" time="6.286" /><testcase classname="backend.tests.test_tokenforge_iter13_email.TestMilestoneFlowEmailDeliverable" name="test_milestone_idempotent_on_repeat_proxy_call" time="6.330" /><testcase classname="backend.tests.test_tokenforge_iter13_email.TestStaticEndpoints" name="test_savings_pdf_returns_pdf" time="0.490" /><testcase classname="backend.tests.test_tokenforge_iter13_email.TestStaticEndpoints" name="test_og_image_endpoint_returns_png" time="0.223" /><testcase classname="backend.tests.test_tokenforge_iter13_email.TestStaticEndpoints" name="test_widget_js_returns_javascript" time="0.109" /><testcase classname="backend.tests.test_tokenforge_iter13_email.TestRegressionCore" name="test_login_admin" time="0.381" /><testcase classname="backend.tests.test_tokenforge_iter13_email.TestRegressionCore" name="test_auth_me" time="0.131" /><testcase classname="backend.tests.test_tokenforge_iter13_email.TestRegressionCore" name="test_keys_list" time="0.114" /><testcase classname="backend.tests.test_tokenforge_iter13_email.TestRegressionCore" name="test_logs" time="0.110" /><testcase classname="backend.tests.test_tokenforge_iter13_email.TestRegressionCore" name="test_dashboard" time="0.118" /></testsuite></testsuites>