<?xml version="1.0" encoding="utf-8"?><testsuites name="pytest tests"><testsuite name="pytest" errors="0" failures="0" skipped="0" tests="6" time="14.652" timestamp="2026-05-28T17:39:04.126506+00:00" hostname="agent-env-1559a4ab-18ed-4daf-9f56-8f6968f4c2ae"><testcase classname="backend.tests.test_tokenforge_iter5" name="test_rate_limit_optimize_xff" time="3.735" /><testcase classname="backend.tests.test_tokenforge_iter5" name="test_rate_limit_register_xff" time="4.413" /><testcase classname="backend.tests.test_tokenforge_iter5" name="test_rate_limit_login_xff" time="1.325" /><testcase classname="backend.tests.test_tokenforge_iter5" name="test_rate_limit_waitlist_xff" time="1.337" /><testcase classname="backend.tests.test_tokenforge_iter5" name="test_rate_limit_buckets_isolated_per_xff" time="3.669" /><testcase classname="backend.tests.test_tokenforge_iter5" name="test_share_unknown_slug_still_404" time="0.104" /></testsuite></testsuites>