<?xml version="1.0" encoding="utf-8"?><testsuites name="pytest tests"><testsuite name="pytest" errors="0" failures="0" skipped="0" tests="27" time="12.808" timestamp="2026-05-28T16:05:36.776306+00:00" hostname="agent-env-1559a4ab-18ed-4daf-9f56-8f6968f4c2ae"><testcase classname="backend.tests.test_tokenforge_backend" name="test_health" time="1.742" /><testcase classname="backend.tests.test_tokenforge_backend" name="test_public_stats" time="0.063" /><testcase classname="backend.tests.test_tokenforge_backend" name="test_waitlist_join_and_duplicate" time="0.127" /><testcase classname="backend.tests.test_tokenforge_backend" name="test_register" time="0.294" /><testcase classname="backend.tests.test_tokenforge_backend" name="test_register_duplicate" time="0.060" /><testcase classname="backend.tests.test_tokenforge_backend" name="test_login_invalid" time="0.285" /><testcase classname="backend.tests.test_tokenforge_backend" name="test_login_valid" time="0.284" /><testcase classname="backend.tests.test_tokenforge_backend" name="test_me_requires_token" time="0.056" /><testcase classname="backend.tests.test_tokenforge_backend" name="test_me_valid" time="0.056" /><testcase classname="backend.tests.test_tokenforge_backend" name="test_optimize_public" time="0.057" /><testcase classname="backend.tests.test_tokenforge_backend" name="test_list_keys_auto_created" time="0.061" /><testcase classname="backend.tests.test_tokenforge_backend" name="test_create_key" time="0.063" /><testcase classname="backend.tests.test_tokenforge_backend" name="test_revoke_key" time="0.125" /><testcase classname="backend.tests.test_tokenforge_backend" name="test_proxy_missing_key" time="0.088" /><testcase classname="backend.tests.test_tokenforge_backend" name="test_proxy_invalid_key" time="0.073" /><testcase classname="backend.tests.test_tokenforge_backend" name="test_proxy_first_call_no_cache" time="5.208" /><testcase classname="backend.tests.test_tokenforge_backend" name="test_proxy_second_call_cache_hit" time="1.058" /><testcase classname="backend.tests.test_tokenforge_backend" name="test_proxy_third_call_different_prompt" time="0.773" /><testcase classname="backend.tests.test_tokenforge_backend" name="test_dashboard_overview" time="0.072" /><testcase classname="backend.tests.test_tokenforge_backend" name="test_dashboard_timeseries" time="0.098" /><testcase classname="backend.tests.test_tokenforge_backend" name="test_dashboard_logs" time="0.090" /><testcase classname="backend.tests.test_tokenforge_backend" name="test_billing_plans" time="0.068" /><testcase classname="backend.tests.test_tokenforge_backend" name="test_billing_checkout" time="0.559" /><testcase classname="backend.tests.test_tokenforge_backend" name="test_billing_status_own" time="0.293" /><testcase classname="backend.tests.test_tokenforge_backend" name="test_billing_status_forbidden_other_user" time="0.469" /><testcase classname="backend.tests.test_tokenforge_backend" name="test_admin_non_admin_forbidden" time="0.058" /><testcase classname="backend.tests.test_tokenforge_backend" name="test_admin_login_and_overview" time="0.347" /></testsuite></testsuites>