<?xml version="1.0" encoding="utf-8"?><testsuites name="pytest tests"><testsuite name="pytest" errors="4" failures="19" skipped="1" tests="33" time="2.428" timestamp="2026-05-28T17:44:03.560729+00:00" hostname="agent-env-1559a4ab-18ed-4daf-9f56-8f6968f4c2ae"><testcase classname="backend.tests.test_tokenforge_backend" name="test_health" time="0.167" /><testcase classname="backend.tests.test_tokenforge_backend" name="test_public_stats" time="0.055" /><testcase classname="backend.tests.test_tokenforge_backend" name="test_waitlist_join_and_duplicate" time="0.055"><failure message="AssertionError: {&quot;detail&quot;:&quot;Rate limit exceeded (10 req / 300s). Retry in 107s.&quot;}&#10;assert 429 == 200&#10; +  where 429 = &lt;Response [429]&gt;.status_code">E   AssertionError: {"detail":"Rate limit exceeded (10 req / 300s). Retry in 107s."}
    assert 429 == 200
     +  where 429 = &lt;Response [429]&gt;.status_code</failure></testcase><testcase classname="backend.tests.test_tokenforge_backend" name="test_register" time="0.058"><failure message="AssertionError: {&quot;detail&quot;:&quot;Rate limit exceeded (8 req / 600s). Retry in 322s.&quot;}&#10;assert 429 == 200&#10; +  where 429 = &lt;Response [429]&gt;.status_code">E   AssertionError: {"detail":"Rate limit exceeded (8 req / 600s). Retry in 322s."}
    assert 429 == 200
     +  where 429 = &lt;Response [429]&gt;.status_code</failure></testcase><testcase classname="backend.tests.test_tokenforge_backend" name="test_register_duplicate" time="0.058"><failure message="assert 429 == 400&#10; +  where 429 = &lt;Response [429]&gt;.status_code">E   assert 429 == 400
     +  where 429 = &lt;Response [429]&gt;.status_code</failure></testcase><testcase classname="backend.tests.test_tokenforge_backend" name="test_login_invalid" time="0.055"><failure message="assert 429 == 401&#10; +  where 429 = &lt;Response [429]&gt;.status_code">E   assert 429 == 401
     +  where 429 = &lt;Response [429]&gt;.status_code</failure></testcase><testcase classname="backend.tests.test_tokenforge_backend" name="test_login_valid" time="0.058"><failure message="assert 429 == 200&#10; +  where 429 = &lt;Response [429]&gt;.status_code">E   assert 429 == 200
     +  where 429 = &lt;Response [429]&gt;.status_code</failure></testcase><testcase classname="backend.tests.test_tokenforge_backend" name="test_me_requires_token" time="0.051" /><testcase classname="backend.tests.test_tokenforge_backend" name="test_me_valid" time="0.000"><failure message="KeyError: 'token'">E   KeyError: 'token'</failure></testcase><testcase classname="backend.tests.test_tokenforge_backend" name="test_optimize_public" time="0.072" /><testcase classname="backend.tests.test_tokenforge_backend" name="test_list_keys_auto_created" time="0.000"><failure message="KeyError: 'token'">E   KeyError: 'token'</failure></testcase><testcase classname="backend.tests.test_tokenforge_backend" name="test_create_key" time="0.000"><failure message="KeyError: 'token'">E   KeyError: 'token'</failure></testcase><testcase classname="backend.tests.test_tokenforge_backend" name="test_revoke_key" time="0.000"><failure message="KeyError: 'extra_key_id'">E   KeyError: 'extra_key_id'</failure></testcase><testcase classname="backend.tests.test_tokenforge_backend" name="test_proxy_missing_key" time="0.062" /><testcase classname="backend.tests.test_tokenforge_backend" name="test_proxy_invalid_key" time="0.064" /><testcase classname="backend.tests.test_tokenforge_backend" name="test_proxy_first_call_no_cache" time="0.000"><failure message="KeyError: 'api_key'">E   KeyError: 'api_key'</failure></testcase><testcase classname="backend.tests.test_tokenforge_backend" name="test_proxy_second_call_cache_hit" time="1.000"><failure message="KeyError: 'api_key'">E   KeyError: 'api_key'</failure></testcase><testcase classname="backend.tests.test_tokenforge_backend" name="test_proxy_third_call_different_prompt" time="0.000"><failure message="KeyError: 'api_key'">E   KeyError: 'api_key'</failure></testcase><testcase classname="backend.tests.test_tokenforge_backend" name="test_dashboard_overview" time="0.000"><failure message="KeyError: 'token'">E   KeyError: 'token'</failure></testcase><testcase classname="backend.tests.test_tokenforge_backend" name="test_dashboard_timeseries" time="0.000"><failure message="KeyError: 'token'">E   KeyError: 'token'</failure></testcase><testcase classname="backend.tests.test_tokenforge_backend" name="test_dashboard_logs" time="0.000"><failure message="KeyError: 'token'">E   KeyError: 'token'</failure></testcase><testcase classname="backend.tests.test_tokenforge_backend" name="test_billing_plans" time="0.066" /><testcase classname="backend.tests.test_tokenforge_backend" name="test_billing_checkout" time="0.000"><failure message="KeyError: 'token'">E   KeyError: 'token'</failure></testcase><testcase classname="backend.tests.test_tokenforge_backend" name="test_billing_status_own" time="0.000"><skipped type="pytest.skip" message="no session id">/app/backend/tests/test_tokenforge_backend.py:271: no session id</skipped></testcase><testcase classname="backend.tests.test_tokenforge_backend" name="test_billing_status_forbidden_other_user" time="0.066"><failure message="assert 429 == 200&#10; +  where 429 = &lt;Response [429]&gt;.status_code">E   assert 429 == 200
     +  where 429 = &lt;Response [429]&gt;.status_code</failure></testcase><testcase classname="backend.tests.test_tokenforge_backend" name="test_admin_non_admin_forbidden" time="0.000"><failure message="KeyError: 'token'">E   KeyError: 'token'</failure></testcase><testcase classname="backend.tests.test_tokenforge_backend" name="test_admin_login_and_overview" time="0.064"><failure message="AssertionError: {&quot;detail&quot;:&quot;Rate limit exceeded (10 req / 300s). Retry in 21s.&quot;}&#10;assert 429 == 200&#10; +  where 429 = &lt;Response [429]&gt;.status_code">E   AssertionError: {"detail":"Rate limit exceeded (10 req / 300s). Retry in 21s."}
    assert 429 == 200
     +  where 429 = &lt;Response [429]&gt;.status_code</failure></testcase><testcase classname="backend.tests.test_tokenforge_enhancements" name="test_me_returns_usage_object" time="0.123"><error message="failed on setup with &quot;AssertionError: {&quot;detail&quot;:&quot;Rate limit exceeded (8 req / 600s). Retry in 321s.&quot;}&#10;assert 429 == 200&#10; +  where 429 = &lt;Response [429]&gt;.status_code&quot;">E   AssertionError: {"detail":"Rate limit exceeded (8 req / 600s). Retry in 321s."}
    assert 429 == 200
     +  where 429 = &lt;Response [429]&gt;.status_code</error></testcase><testcase classname="backend.tests.test_tokenforge_enhancements" name="test_billing_plans_includes_free_and_annual" time="0.062" /><testcase classname="backend.tests.test_tokenforge_enhancements" name="test_billing_checkout_annual_stores_cycle" time="0.000"><error message="failed on setup with &quot;AssertionError: {&quot;detail&quot;:&quot;Rate limit exceeded (8 req / 600s). Retry in 321s.&quot;}&#10;assert 429 == 200&#10; +  where 429 = &lt;Response [429]&gt;.status_code&quot;">E   AssertionError: {"detail":"Rate limit exceeded (8 req / 600s). Retry in 321s."}
    assert 429 == 200
     +  where 429 = &lt;Response [429]&gt;.status_code</error></testcase><testcase classname="backend.tests.test_tokenforge_enhancements" name="test_proxy_chat_quota_exceeded" time="0.001"><error message="failed on setup with &quot;AssertionError: {&quot;detail&quot;:&quot;Rate limit exceeded (8 req / 600s). Retry in 321s.&quot;}&#10;assert 429 == 200&#10; +  where 429 = &lt;Response [429]&gt;.status_code&quot;">E   AssertionError: {"detail":"Rate limit exceeded (8 req / 600s). Retry in 321s."}
    assert 429 == 200
     +  where 429 = &lt;Response [429]&gt;.status_code</error></testcase><testcase classname="backend.tests.test_tokenforge_enhancements" name="test_savings_pdf_requires_auth" time="0.059" /><testcase classname="backend.tests.test_tokenforge_enhancements" name="test_savings_pdf_with_admin" time="0.060"><error message="failed on setup with &quot;AssertionError: {&quot;detail&quot;:&quot;Rate limit exceeded (10 req / 300s). Retry in 21s.&quot;}&#10;assert 429 == 200&#10; +  where 429 = &lt;Response [429]&gt;.status_code&quot;">E   AssertionError: {"detail":"Rate limit exceeded (10 req / 300s). Retry in 21s."}
    assert 429 == 200
     +  where 429 = &lt;Response [429]&gt;.status_code</error></testcase></testsuite></testsuites>