<?xml version="1.0" encoding="utf-8"?><testsuites name="pytest tests"><testsuite name="pytest" errors="0" failures="5" skipped="0" tests="18" time="16.494" timestamp="2026-05-28T17:31:20.918997+00:00" hostname="agent-env-1559a4ab-18ed-4daf-9f56-8f6968f4c2ae"><testcase classname="backend.tests.test_tokenforge_iter4" name="test_register_returns_token_even_if_resend_rejects" time="0.666"><failure message="AssertionError: assert 'test_resilie...9@example.com' == 'TEST_resilie...9@example.com'&#10;  &#10;  - TEST_resilient_c6aadf39@example.com&#10;  ? ^^^^&#10;  + test_resilient_c6aadf39@example.com&#10;  ? ^^^^">backend/tests/test_tokenforge_iter4.py:62: in test_register_returns_token_even_if_resend_rejects
    assert body["user"]["email"] == email
E   AssertionError: assert 'test_resilie...9@example.com' == 'TEST_resilie...9@example.com'
E     
E     - TEST_resilient_c6aadf39@example.com
E     ? ^^^^
E     + test_resilient_c6aadf39@example.com
E     ? ^^^^</failure></testcase><testcase classname="backend.tests.test_tokenforge_iter4" name="test_savings_pdf_admin" time="0.616" /><testcase classname="backend.tests.test_tokenforge_iter4" name="test_savings_pdf_requires_auth" time="0.114" /><testcase classname="backend.tests.test_tokenforge_iter4" name="test_email_savings_report_requires_auth" time="0.107" /><testcase classname="backend.tests.test_tokenforge_iter4" name="test_email_savings_report_qa" time="0.673" /><testcase classname="backend.tests.test_tokenforge_iter4" name="test_email_savings_report_non_verified_recipient_resilient" time="0.896" /><testcase classname="backend.tests.test_tokenforge_iter4" name="test_share_savings_requires_auth" time="0.115" /><testcase classname="backend.tests.test_tokenforge_iter4" name="test_share_create_is_idempotent" time="0.262" /><testcase classname="backend.tests.test_tokenforge_iter4" name="test_share_get_public_returns_data" time="0.274" /><testcase classname="backend.tests.test_tokenforge_iter4" name="test_share_get_unknown_slug_404" time="0.125" /><testcase classname="backend.tests.test_tokenforge_iter4" name="test_billing_plans_regression" time="0.167" /><testcase classname="backend.tests.test_tokenforge_iter4" name="test_dashboard_overview_regression" time="0.126" /><testcase classname="backend.tests.test_tokenforge_iter4" name="test_admin_overview_regression" time="0.123" /><testcase classname="backend.tests.test_tokenforge_iter4" name="test_keys_crud_regression" time="0.117" /><testcase classname="backend.tests.test_tokenforge_iter4" name="test_zz_rate_limit_optimize" time="4.062"><failure message="AssertionError: expected 429 in [200, 200, 200, 200, 200, 200, 200, 200, 200, 200, 200, 200, 200, 200, 200, 200, 200, 200, 200, 200, 200, 200, 200, 200, 200, 200, 200, 200, 200, 200, 200, 200, 200, 200, 200]&#10;assert 429 in [200, 200, 200, 200, 200, 200, ...]">backend/tests/test_tokenforge_iter4.py:189: in test_zz_rate_limit_optimize
    assert 429 in statuses, f"expected 429 in {statuses}"
E   AssertionError: expected 429 in [200, 200, 200, 200, 200, 200, 200, 200, 200, 200, 200, 200, 200, 200, 200, 200, 200, 200, 200, 200, 200, 200, 200, 200, 200, 200, 200, 200, 200, 200, 200, 200, 200, 200, 200]
E   assert 429 in [200, 200, 200, 200, 200, 200, ...]</failure></testcase><testcase classname="backend.tests.test_tokenforge_iter4" name="test_zz_rate_limit_register" time="5.171"><failure message="AssertionError: expected 429 in [200, 200, 200, 200, 200, 200, 200, 200, 200, 200]&#10;assert 429 in [200, 200, 200, 200, 200, 200, ...]">backend/tests/test_tokenforge_iter4.py:206: in test_zz_rate_limit_register
    assert 429 in statuses, f"expected 429 in {statuses}"
E   AssertionError: expected 429 in [200, 200, 200, 200, 200, 200, 200, 200, 200, 200]
E   assert 429 in [200, 200, 200, 200, 200, 200, ...]</failure></testcase><testcase classname="backend.tests.test_tokenforge_iter4" name="test_zz_rate_limit_login" time="1.400"><failure message="AssertionError: expected 429 in [401, 401, 401, 401, 401, 401, 401, 401, 401, 401, 401, 401]&#10;assert 429 in [401, 401, 401, 401, 401, 401, ...]">backend/tests/test_tokenforge_iter4.py:217: in test_zz_rate_limit_login
    assert 429 in statuses, f"expected 429 in {statuses}"
E   AssertionError: expected 429 in [401, 401, 401, 401, 401, 401, 401, 401, 401, 401, 401, 401]
E   assert 429 in [401, 401, 401, 401, 401, 401, ...]</failure></testcase><testcase classname="backend.tests.test_tokenforge_iter4" name="test_zz_rate_limit_waitlist" time="1.350"><failure message="AssertionError: expected 429 in [200, 200, 200, 200, 200, 200, 200, 200, 200, 200, 200, 200]&#10;assert 429 in [200, 200, 200, 200, 200, 200, ...]">backend/tests/test_tokenforge_iter4.py:228: in test_zz_rate_limit_waitlist
    assert 429 in statuses, f"expected 429 in {statuses}"
E   AssertionError: expected 429 in [200, 200, 200, 200, 200, 200, 200, 200, 200, 200, 200, 200]
E   assert 429 in [200, 200, 200, 200, 200, 200, ...]</failure></testcase></testsuite></testsuites>