<?xml version="1.0" encoding="utf-8"?><testsuites name="pytest tests"><testsuite name="pytest" errors="0" failures="0" skipped="0" tests="11" time="5.385" timestamp="2026-05-28T17:46:05.267406+00:00" hostname="agent-env-1559a4ab-18ed-4daf-9f56-8f6968f4c2ae"><testcase classname="backend.tests.test_tokenforge_iter5_smoke" name="test_login_admin" time="0.387" /><testcase classname="backend.tests.test_tokenforge_iter5_smoke" name="test_register_login_me_flow" time="0.669" /><testcase classname="backend.tests.test_tokenforge_iter5_smoke" name="test_dashboard_endpoints_admin" time="0.665" /><testcase classname="backend.tests.test_tokenforge_iter5_smoke" name="test_keys_crud_admin" time="0.448" /><testcase classname="backend.tests.test_tokenforge_iter5_smoke" name="test_admin_overview" time="0.447" /><testcase classname="backend.tests.test_tokenforge_iter5_smoke" name="test_billing_plans_and_checkout_monthly_annual" time="0.705" /><testcase classname="backend.tests.test_tokenforge_iter5_smoke" name="test_waitlist_join" time="0.108" /><testcase classname="backend.tests.test_tokenforge_iter5_smoke" name="test_optimize_public" time="0.116" /><testcase classname="backend.tests.test_tokenforge_iter5_smoke" name="test_savings_pdf_admin" time="0.465" /><testcase classname="backend.tests.test_tokenforge_iter5_smoke" name="test_email_report_qa" time="0.680" /><testcase classname="backend.tests.test_tokenforge_iter5_smoke" name="test_share_create_and_public_get" time="0.608" /></testsuite></testsuites>