<?xml version="1.0" encoding="utf-8"?><testsuites name="pytest tests"><testsuite name="pytest" errors="0" failures="0" skipped="0" tests="38" time="12.810" timestamp="2026-05-28T19:42:01.765188+00:00" hostname="agent-env-1559a4ab-18ed-4daf-9f56-8f6968f4c2ae"><testcase classname="tests.test_tokenforge_iter11.TestOgImage" name="test_og_known_slug_returns_png" time="0.876" /><testcase classname="tests.test_tokenforge_iter11.TestOgImage" name="test_og_unknown_slug_returns_placeholder_not_404" time="0.225" /><testcase classname="tests.test_tokenforge_iter11.TestReferralsMe" name="test_referrals_me_requires_auth" time="0.119" /><testcase classname="tests.test_tokenforge_iter11.TestReferralsMe" name="test_referrals_me_shape" time="0.256" /><testcase classname="tests.test_tokenforge_iter11.TestRegisterReferralBonus" name="test_register_with_valid_ref_grants_bonus_to_both" time="1.198" /><testcase classname="tests.test_tokenforge_iter11.TestRegisterReferralBonus" name="test_register_with_unknown_ref_no_bonus" time="0.636" /><testcase classname="tests.test_tokenforge_iter11.TestRegisterReferralBonus" name="test_register_with_self_ref_no_bonus" time="0.000" /><testcase classname="tests.test_tokenforge_iter11.TestRegisterReferralBonus" name="test_register_two_different_referees_same_referrer_both_succeed" time="1.412" /><testcase classname="tests.test_tokenforge_iter11.TestShowcase" name="test_showcase_returns_customers_list" time="0.118" /><testcase classname="tests.test_tokenforge_iter11.TestShowcase" name="test_showcase_sorted_desc_by_cost_saved" time="0.128" /><testcase classname="tests.test_tokenforge_iter11.TestShowcase" name="test_showcase_respects_limit" time="0.118" /><testcase classname="tests.test_tokenforge_iter11.TestCors" name="test_cors_allowed_origin_echoed" time="0.081" /><testcase classname="tests.test_tokenforge_iter11.TestCors" name="test_cors_disallowed_origin_not_echoed" time="0.113" /><testcase classname="tests.test_tokenforge_iter7_widget.TestWidgetJs" name="test_widget_js_200_and_content_type" time="0.118" /><testcase classname="tests.test_tokenforge_iter7_widget.TestWidgetJs" name="test_widget_js_body_contains_iife_markers" time="0.109" /><testcase classname="tests.test_tokenforge_iter7_widget.TestWidgetJs" name="test_widget_js_cors_allow_all" time="0.106" /><testcase classname="tests.test_tokenforge_iter7_widget.TestEmbedPagePublic" name="test_embed_public_url_returns_fastapi_html" time="0.564" /><testcase classname="tests.test_tokenforge_iter7_widget.TestEmbedPagePublic" name="test_embed_contains_live_numbers_and_display_name" time="0.212" /><testcase classname="tests.test_tokenforge_iter7_widget.TestEmbedPagePublic" name="test_embed_iframe_headers" time="0.142" /><testcase classname="tests.test_tokenforge_iter7_widget.TestEmbedPagePublic" name="test_embed_unknown_slug_returns_404_html" time="0.107" /><testcase classname="tests.test_tokenforge_iter7_widget.TestEmbedPagePublic" name="test_embed_theme_light_palette" time="0.126" /><testcase classname="tests.test_tokenforge_iter7_widget.TestEmbedPagePublic" name="test_embed_avg_pct_never_exceeds_100" time="0.123" /><testcase classname="tests.test_tokenforge_iter7_widget.TestEmbedPageInternal" name="test_embed_internal_localhost" time="0.005" /><testcase classname="tests.test_tokenforge_iter7_widget.TestEmbedPageInternal" name="test_embed_internal_unknown_slug" time="0.002" /><testcase classname="tests.test_tokenforge_iter7_widget.TestEmbedPageInternal" name="test_embed_internal_light_palette" time="0.004" /><testcase classname="tests.test_tokenforge_iter7_widget.TestEmbedPageInternal" name="test_embed_internal_avg_pct_cap" time="0.004" /><testcase classname="tests.test_tokenforge_iter7_widget.TestAvgPctCap" name="test_share_savings_json_avg_pct_capped" time="0.111" /><testcase classname="tests.test_tokenforge_iter7_widget.TestPriorFlowSmoke" name="test_auth_me_admin" time="0.446" /><testcase classname="tests.test_tokenforge_iter7_widget.TestPriorFlowSmoke" name="test_register_then_me" time="0.650" /><testcase classname="tests.test_tokenforge_iter7_widget.TestPriorFlowSmoke" name="test_optimize_public" time="0.110" /><testcase classname="tests.test_tokenforge_iter7_widget.TestPriorFlowSmoke" name="test_billing_plans" time="0.104" /><testcase classname="tests.test_tokenforge_iter7_widget.TestPriorFlowSmoke" name="test_billing_checkout_monthly" time="0.962" /><testcase classname="tests.test_tokenforge_iter7_widget.TestPriorFlowSmoke" name="test_billing_checkout_annual" time="0.853" /><testcase classname="tests.test_tokenforge_iter7_widget.TestPriorFlowSmoke" name="test_reports_savings_pdf" time="0.481" /><testcase classname="tests.test_tokenforge_iter7_widget.TestPriorFlowSmoke" name="test_dashboard_overview" time="0.435" /><testcase classname="tests.test_tokenforge_iter7_widget.TestPriorFlowSmoke" name="test_admin_overview_admin_ok" time="0.456" /><testcase classname="tests.test_tokenforge_iter7_widget.TestPriorFlowSmoke" name="test_admin_overview_non_admin_forbidden" time="0.617" /><testcase classname="tests.test_tokenforge_iter7_widget.TestPriorFlowSmoke" name="test_share_create_and_get" time="0.580" /></testsuite></testsuites>