<?xml version="1.0" encoding="utf-8"?><testsuites name="pytest tests"><testsuite name="pytest" errors="0" failures="0" skipped="0" tests="6" time="2.471" timestamp="2026-05-28T16:38:02.468333+00:00" hostname="agent-env-1559a4ab-18ed-4daf-9f56-8f6968f4c2ae"><testcase classname="backend.tests.test_tokenforge_enhancements" name="test_me_returns_usage_object" time="0.519" /><testcase classname="backend.tests.test_tokenforge_enhancements" name="test_billing_plans_includes_free_and_annual" time="0.052" /><testcase classname="backend.tests.test_tokenforge_enhancements" name="test_billing_checkout_annual_stores_cycle" time="0.528" /><testcase classname="backend.tests.test_tokenforge_enhancements" name="test_proxy_chat_quota_exceeded" time="0.822" /><testcase classname="backend.tests.test_tokenforge_enhancements" name="test_savings_pdf_requires_auth" time="0.051" /><testcase classname="backend.tests.test_tokenforge_enhancements" name="test_savings_pdf_with_admin" time="0.348" /></testsuite></testsuites>