<?xml version="1.0" encoding="utf-8"?><testsuites name="pytest tests"><testsuite name="pytest" errors="0" failures="0" skipped="0" tests="11" time="7.063" timestamp="2026-05-28T22:42:49.086682+00:00" hostname="agent-env-1559a4ab-18ed-4daf-9f56-8f6968f4c2ae"><testcase classname="backend.tests.test_tokenforge_iter14_byok" name="test_emergentintegrations_not_importable" time="0.001" /><testcase classname="backend.tests.test_tokenforge_iter14_byok" name="test_byok_free_post_returns_402" time="0.745" /><testcase classname="backend.tests.test_tokenforge_iter14_byok" name="test_byok_free_get_locked" time="0.112" /><testcase classname="backend.tests.test_tokenforge_iter14_byok" name="test_byok_admin_store_valid_google" time="0.448" /><testcase classname="backend.tests.test_tokenforge_iter14_byok" name="test_byok_admin_invalid_openai_key" time="0.100" /><testcase classname="backend.tests.test_tokenforge_iter14_byok" name="test_byok_admin_list_keys" time="0.108" /><testcase classname="backend.tests.test_tokenforge_iter14_byok" name="test_byok_encryption_at_rest" time="0.023" /><testcase classname="backend.tests.test_tokenforge_iter14_byok" name="test_byok_admin_delete_google" time="0.356" /><testcase classname="backend.tests.test_tokenforge_iter14_byok" name="test_proxy_chat_free_user_force_routed_to_gemini" time="1.456" /><testcase classname="backend.tests.test_tokenforge_iter14_byok" name="test_proxy_chat_admin_with_byok_real_gemini" time="1.093" /><testcase classname="backend.tests.test_tokenforge_iter14_byok" name="test_regression_full_happy_path" time="2.472" /></testsuite></testsuites>