<?xml version="1.0" encoding="utf-8"?><testsuites name="pytest tests"><testsuite name="pytest" errors="0" failures="0" skipped="0" tests="6" time="12.256" timestamp="2026-05-28T20:08:08.280069+00:00" hostname="agent-env-1559a4ab-18ed-4daf-9f56-8f6968f4c2ae"><testcase classname="tests.test_tokenforge_iter12_milestones.TestMilestoneNoFireBelowOne" name="test_no_milestone_when_cost_below_one" time="2.334" /><testcase classname="tests.test_tokenforge_iter12_milestones.TestMilestoneOneDollarFire" name="test_one_dollar_milestone_fires_and_is_idempotent" time="3.811" /><testcase classname="tests.test_tokenforge_iter12_milestones.TestMilestoneCrossJump" name="test_fresh_user_at_150_only_fires_highest_unseen_100" time="2.458" /><testcase classname="tests.test_tokenforge_iter12_milestones.TestAutoShareIdempotency" name="test_existing_manual_share_link_is_reused" time="2.822" /><testcase classname="tests.test_tokenforge_iter12_milestones.TestAdminOverviewKPIs" name="test_admin_overview_returns_new_kpis" time="0.537" /><testcase classname="tests.test_tokenforge_iter12_milestones.TestShowcaseIncludesAutoShares" name="test_showcase_returns_auto_created_users" time="0.131" /></testsuite></testsuites>