<?xml version="1.0" encoding="utf-8"?><testsuites name="pytest tests"><testsuite name="pytest" errors="0" failures="0" skipped="0" tests="16" time="17.724" timestamp="2026-05-28T18:01:05.590022+00:00" hostname="agent-env-1559a4ab-18ed-4daf-9f56-8f6968f4c2ae"><testcase classname="backend.tests.test_tokenforge_iter6_smoke" name="test_login_admin_me" time="0.693" /><testcase classname="backend.tests.test_tokenforge_iter6_smoke" name="test_register_login_me_throwaway" time="1.325" /><testcase classname="backend.tests.test_tokenforge_iter6_smoke" name="test_proxy_chat_cache_hit_after_sha256_swap" time="3.359" /><testcase classname="backend.tests.test_tokenforge_iter6_smoke" name="test_dashboard_endpoints_admin" time="1.334" /><testcase classname="backend.tests.test_tokenforge_iter6_smoke" name="test_keys_list_admin" time="0.583" /><testcase classname="backend.tests.test_tokenforge_iter6_smoke" name="test_admin_overview_admin_ok" time="0.479" /><testcase classname="backend.tests.test_tokenforge_iter6_smoke" name="test_admin_overview_non_admin_forbidden" time="1.194" /><testcase classname="backend.tests.test_tokenforge_iter6_smoke" name="test_billing_plans" time="0.119" /><testcase classname="backend.tests.test_tokenforge_iter6_smoke" name="test_billing_checkout_monthly_annual[monthly]" time="1.041" /><testcase classname="backend.tests.test_tokenforge_iter6_smoke" name="test_billing_checkout_monthly_annual[annual]" time="0.877" /><testcase classname="backend.tests.test_tokenforge_iter6_smoke" name="test_savings_pdf_admin" time="0.517" /><testcase classname="backend.tests.test_tokenforge_iter6_smoke" name="test_savings_email_qa" time="0.850" /><testcase classname="backend.tests.test_tokenforge_iter6_smoke" name="test_share_create_and_public_get" time="0.629" /><testcase classname="backend.tests.test_tokenforge_iter6_smoke" name="test_waitlist_join" time="0.122" /><testcase classname="backend.tests.test_tokenforge_iter6_smoke" name="test_optimize_public" time="0.115" /><testcase classname="backend.tests.test_tokenforge_iter6_smoke" name="test_optimize_rate_limit_30_per_60s_with_xff" time="4.320" /></testsuite></testsuites>