<?xml version="1.0" encoding="utf-8"?><testsuites name="pytest tests"><testsuite name="pytest" errors="0" failures="7" skipped="0" tests="25" time="7.821" timestamp="2026-05-28T18:14:25.406881+00:00" hostname="agent-env-1559a4ab-18ed-4daf-9f56-8f6968f4c2ae"><testcase classname="backend.tests.test_tokenforge_iter7_widget.TestWidgetJs" name="test_widget_js_200_and_content_type" time="0.170" /><testcase classname="backend.tests.test_tokenforge_iter7_widget.TestWidgetJs" name="test_widget_js_body_contains_iife_markers" time="0.101" /><testcase classname="backend.tests.test_tokenforge_iter7_widget.TestWidgetJs" name="test_widget_js_cors_allow_all" time="0.140" /><testcase classname="backend.tests.test_tokenforge_iter7_widget.TestEmbedPagePublic" name="test_embed_public_url_returns_fastapi_html" time="0.570"><failure message="AssertionError: Public /embed/&lt;slug&gt; is NOT returning the FastAPI iframe page — ingress is routing /embed/* to the React frontend instead of the backend. FIX: move route to /api/embed/{slug} (request author called this out).&#10;assert 'TokenForge savings' in '&lt;!doctype html&gt;\n&lt;html lang=&quot;en&quot;&gt;\n    &lt;head&gt;\n        &lt;meta charset=&quot;utf-8&quot; /&gt;\n        &lt;meta name=&quot;viewport&quot; content=&quot;width=device-width, initial-scale=1&quot; /&gt;\n        &lt;meta name=&quot;theme-color&quot; content=&quot;#000000&quot; /&gt;\n        &lt;meta name=&quot;description&quot; content=&quot;TokenForge — Cut your LLM costs by 40-80%. Production-grade prompt distillation engine with 5 optimization pillars.&quot; /&gt;\n        &lt;link rel=&quot;preconnect&quot; href=&quot;https://fonts.googleapis.com&quot; /&gt;\n        &lt;link rel=&quot;preconnect&quot; href=&quot;https://fonts.gstatic.com&quot; crossorigin /&gt;\n        &lt;link href=&quot;https://fonts.googleapis.com/css2?family=IBM+Plex+Sans:wght@400;500;600;700&amp;family=IBM+Plex+Mono:wght@400;500;600&amp;display=swap&quot; rel=&quot;stylesheet&quot; /&gt;\n        &lt;link href=&quot;https://api.fontshare.com/v2/css?f[]=cabinet-grotesk@400,700,800,900&amp;display=swap&quot; rel=&quot;stylesheet&quot; /&gt;\n        &lt;!--\n        manifest.json provides metadata used when your web app is installed on a\n        user\'s mobile device or desktop. See https://developers.google.com/web/fundamentals/web-app-manifest/\n        --&gt;\n        &lt;!--\n        Notice the use of  in the tags above.\n        It will be replaced with the URL of the `public` folder during the build.\n        O...les for anonymous users as well,\n                session_recording: {\n                    recordCrossOriginIframes: true,\n                    capturePerformance: false,\n                },\n            });\n        &lt;/script&gt;\n    &lt;script&gt;(function(){function c(){var b=a.contentDocument||a.contentWindow.document;if(b){var d=b.createElement(\'script\');d.innerHTML=&quot;window.__CF$cv$params={r:\'a02f3d2f1be864b3\',t:\'MTc3OTk5MjA2Ng==\'};var a=document.createElement(\'script\');a.src=\'/cdn-cgi/challenge-platform/scripts/jsd/main.js\';document.getElementsByTagName(\'head\')[0].appendChild(a);&quot;;b.getElementsByTagName(\'head\')[0].appendChild(d)}}if(document.body){var a=document.createElement(\'iframe\');a.height=1;a.width=1;a.style.position=\'absolute\';a.style.top=0;a.style.left=0;a.style.border=\'none\';a.style.visibility=\'hidden\';document.body.appendChild(a);if(\'loading\'!==document.readyState)c();else if(window.addEventListener)document.addEventListener(\'DOMContentLoaded\',c);else{var e=document.onreadystatechange||function(){};document.onreadystatechange=function(b){e(b);\'loading\'!==document.readyState&amp;&amp;(document.onreadystatechange=e,c())}}}})();&lt;/script&gt;&lt;/body&gt;\n&lt;/html&gt;\n'">backend/tests/test_tokenforge_iter7_widget.py:77: in test_embed_public_url_returns_fastapi_html
    assert "TokenForge savings" in body, (
E   AssertionError: Public /embed/&lt;slug&gt; is NOT returning the FastAPI iframe page — ingress is routing /embed/* to the React frontend instead of the backend. FIX: move route to /api/embed/{slug} (request author called this out).
E   assert 'TokenForge savings' in '&lt;!doctype html&gt;\n&lt;html lang="en"&gt;\n    &lt;head&gt;\n        &lt;meta charset="utf-8" /&gt;\n        &lt;meta name="viewport" content="width=device-width, initial-scale=1" /&gt;\n        &lt;meta name="theme-color" content="#000000" /&gt;\n        &lt;meta name="description" content="TokenForge — Cut your LLM costs by 40-80%. Production-grade prompt distillation engine with 5 optimization pillars." /&gt;\n        &lt;link rel="preconnect" href="https://fonts.googleapis.com" /&gt;\n        &lt;link rel="preconnect" href="https://fonts.gstatic.com" crossorigin /&gt;\n        &lt;link href="https://fonts.googleapis.com/css2?family=IBM+Plex+Sans:wght@400;500;600;700&amp;family=IBM+Plex+Mono:wght@400;500;600&amp;display=swap" rel="stylesheet" /&gt;\n        &lt;link href="https://api.fontshare.com/v2/css?f[]=cabinet-grotesk@400,700,800,900&amp;display=swap" rel="stylesheet" /&gt;\n        &lt;!--\n        manifest.json provides metadata used when your web app is installed on a\n        user\'s mobile device or desktop. See https://developers.google.com/web/fundamentals/web-app-manifest/\n        --&gt;\n        &lt;!--\n        Notice the use of  in the tags above.\n        It will be replaced with the URL of the `public` folder during the build.\n        O...les for anonymous users as well,\n                session_recording: {\n                    recordCrossOriginIframes: true,\n                    capturePerformance: false,\n                },\n            });\n        &lt;/script&gt;\n    &lt;script&gt;(function(){function c(){var b=a.contentDocument||a.contentWindow.document;if(b){var d=b.createElement(\'script\');d.innerHTML="window.__CF$cv$params={r:\'a02f3d2f1be864b3\',t:\'MTc3OTk5MjA2Ng==\'};var a=document.createElement(\'script\');a.src=\'/cdn-cgi/challenge-platform/scripts/jsd/main.js\';document.getElementsByTagName(\'head\')[0].appendChild(a);";b.getElementsByTagName(\'head\')[0].appendChild(d)}}if(document.body){var a=document.createElement(\'iframe\');a.height=1;a.width=1;a.style.position=\'absolute\';a.style.top=0;a.style.left=0;a.style.border=\'none\';a.style.visibility=\'hidden\';document.body.appendChild(a);if(\'loading\'!==document.readyState)c();else if(window.addEventListener)document.addEventListener(\'DOMContentLoaded\',c);else{var e=document.onreadystatechange||function(){};document.onreadystatechange=function(b){e(b);\'loading\'!==document.readyState&amp;&amp;(document.onreadystatechange=e,c())}}}})();&lt;/script&gt;&lt;/body&gt;\n&lt;/html&gt;\n'</failure></testcase><testcase classname="backend.tests.test_tokenforge_iter7_widget.TestEmbedPagePublic" name="test_embed_contains_live_numbers_and_display_name" time="0.209"><failure message="assert 'TokenForge Admin' in '&lt;!doctype html&gt;\n&lt;html lang=&quot;en&quot;&gt;\n    &lt;head&gt;\n        &lt;meta charset=&quot;utf-8&quot; /&gt;\n        &lt;meta name=&quot;viewport&quot; content=&quot;width=device-width, initial-scale=1&quot; /&gt;\n        &lt;meta name=&quot;theme-color&quot; content=&quot;#000000&quot; /&gt;\n        &lt;meta name=&quot;description&quot; content=&quot;TokenForge — Cut your LLM costs by 40-80%. Production-grade prompt distillation engine with 5 optimization pillars.&quot; /&gt;\n        &lt;link rel=&quot;preconnect&quot; href=&quot;https://fonts.googleapis.com&quot; /&gt;\n        &lt;link rel=&quot;preconnect&quot; href=&quot;https://fonts.gstatic.com&quot; crossorigin /&gt;\n        &lt;link href=&quot;https://fonts.googleapis.com/css2?family=IBM+Plex+Sans:wght@400;500;600;700&amp;family=IBM+Plex+Mono:wght@400;500;600&amp;display=swap&quot; rel=&quot;stylesheet&quot; /&gt;\n        &lt;link href=&quot;https://api.fontshare.com/v2/css?f[]=cabinet-grotesk@400,700,800,900&amp;display=swap&quot; rel=&quot;stylesheet&quot; /&gt;\n        &lt;!--\n        manifest.json provides metadata used when your web app is installed on a\n        user\'s mobile device or desktop. See https://developers.google.com/web/fundamentals/web-app-manifest/\n        --&gt;\n        &lt;!--\n        Notice the use of  in the tags above.\n        It will be replaced with the URL of the `public` folder during the build.\n        O...les for anonymous users as well,\n                session_recording: {\n                    recordCrossOriginIframes: true,\n                    capturePerformance: false,\n                },\n            });\n        &lt;/script&gt;\n    &lt;script&gt;(function(){function c(){var b=a.contentDocument||a.contentWindow.document;if(b){var d=b.createElement(\'script\');d.innerHTML=&quot;window.__CF$cv$params={r:\'a02f3d30988c8fc2\',t:\'MTc3OTk5MjA2Ng==\'};var a=document.createElement(\'script\');a.src=\'/cdn-cgi/challenge-platform/scripts/jsd/main.js\';document.getElementsByTagName(\'head\')[0].appendChild(a);&quot;;b.getElementsByTagName(\'head\')[0].appendChild(d)}}if(document.body){var a=document.createElement(\'iframe\');a.height=1;a.width=1;a.style.position=\'absolute\';a.style.top=0;a.style.left=0;a.style.border=\'none\';a.style.visibility=\'hidden\';document.body.appendChild(a);if(\'loading\'!==document.readyState)c();else if(window.addEventListener)document.addEventListener(\'DOMContentLoaded\',c);else{var e=document.onreadystatechange||function(){};document.onreadystatechange=function(b){e(b);\'loading\'!==document.readyState&amp;&amp;(document.onreadystatechange=e,c())}}}})();&lt;/script&gt;&lt;/body&gt;\n&lt;/html&gt;\n'">backend/tests/test_tokenforge_iter7_widget.py:87: in test_embed_contains_live_numbers_and_display_name
    assert api_data["display_name"] in body
E   assert 'TokenForge Admin' in '&lt;!doctype html&gt;\n&lt;html lang="en"&gt;\n    &lt;head&gt;\n        &lt;meta charset="utf-8" /&gt;\n        &lt;meta name="viewport" content="width=device-width, initial-scale=1" /&gt;\n        &lt;meta name="theme-color" content="#000000" /&gt;\n        &lt;meta name="description" content="TokenForge — Cut your LLM costs by 40-80%. Production-grade prompt distillation engine with 5 optimization pillars." /&gt;\n        &lt;link rel="preconnect" href="https://fonts.googleapis.com" /&gt;\n        &lt;link rel="preconnect" href="https://fonts.gstatic.com" crossorigin /&gt;\n        &lt;link href="https://fonts.googleapis.com/css2?family=IBM+Plex+Sans:wght@400;500;600;700&amp;family=IBM+Plex+Mono:wght@400;500;600&amp;display=swap" rel="stylesheet" /&gt;\n        &lt;link href="https://api.fontshare.com/v2/css?f[]=cabinet-grotesk@400,700,800,900&amp;display=swap" rel="stylesheet" /&gt;\n        &lt;!--\n        manifest.json provides metadata used when your web app is installed on a\n        user\'s mobile device or desktop. See https://developers.google.com/web/fundamentals/web-app-manifest/\n        --&gt;\n        &lt;!--\n        Notice the use of  in the tags above.\n        It will be replaced with the URL of the `public` folder during the build.\n        O...les for anonymous users as well,\n                session_recording: {\n                    recordCrossOriginIframes: true,\n                    capturePerformance: false,\n                },\n            });\n        &lt;/script&gt;\n    &lt;script&gt;(function(){function c(){var b=a.contentDocument||a.contentWindow.document;if(b){var d=b.createElement(\'script\');d.innerHTML="window.__CF$cv$params={r:\'a02f3d30988c8fc2\',t:\'MTc3OTk5MjA2Ng==\'};var a=document.createElement(\'script\');a.src=\'/cdn-cgi/challenge-platform/scripts/jsd/main.js\';document.getElementsByTagName(\'head\')[0].appendChild(a);";b.getElementsByTagName(\'head\')[0].appendChild(d)}}if(document.body){var a=document.createElement(\'iframe\');a.height=1;a.width=1;a.style.position=\'absolute\';a.style.top=0;a.style.left=0;a.style.border=\'none\';a.style.visibility=\'hidden\';document.body.appendChild(a);if(\'loading\'!==document.readyState)c();else if(window.addEventListener)document.addEventListener(\'DOMContentLoaded\',c);else{var e=document.onreadystatechange||function(){};document.onreadystatechange=function(b){e(b);\'loading\'!==document.readyState&amp;&amp;(document.onreadystatechange=e,c())}}}})();&lt;/script&gt;&lt;/body&gt;\n&lt;/html&gt;\n'</failure></testcase><testcase classname="backend.tests.test_tokenforge_iter7_widget.TestEmbedPagePublic" name="test_embed_iframe_headers" time="0.142"><failure message="AssertionError: XFO header missing/wrong: ''&#10;assert ('ALLOWALL' in '' or 'ALLOW' in '')&#10; +  where '' = &lt;built-in method upper of str object at 0xfb78bef00be8&gt;()&#10; +    where &lt;built-in method upper of str object at 0xfb78bef00be8&gt; = ''.upper&#10; +  and   '' = &lt;built-in method upper of str object at 0xfb78bef00be8&gt;()&#10; +    where &lt;built-in method upper of str object at 0xfb78bef00be8&gt; = ''.upper">backend/tests/test_tokenforge_iter7_widget.py:96: in test_embed_iframe_headers
    assert "ALLOWALL" in xfo.upper() or "ALLOW" in xfo.upper(), f"XFO header missing/wrong: {xfo!r}"
E   AssertionError: XFO header missing/wrong: ''
E   assert ('ALLOWALL' in '' or 'ALLOW' in '')
E    +  where '' = &lt;built-in method upper of str object at 0xfb78bef00be8&gt;()
E    +    where &lt;built-in method upper of str object at 0xfb78bef00be8&gt; = ''.upper
E    +  and   '' = &lt;built-in method upper of str object at 0xfb78bef00be8&gt;()
E    +    where &lt;built-in method upper of str object at 0xfb78bef00be8&gt; = ''.upper</failure></testcase><testcase classname="backend.tests.test_tokenforge_iter7_widget.TestEmbedPagePublic" name="test_embed_unknown_slug_returns_404_html" time="0.104"><failure message="assert 200 == 404&#10; +  where 200 = &lt;Response [200]&gt;.status_code">backend/tests/test_tokenforge_iter7_widget.py:101: in test_embed_unknown_slug_returns_404_html
    assert r.status_code == 404
E   assert 200 == 404
E    +  where 200 = &lt;Response [200]&gt;.status_code</failure></testcase><testcase classname="backend.tests.test_tokenforge_iter7_widget.TestEmbedPagePublic" name="test_embed_theme_light_palette" time="0.129"><failure message="AssertionError: light theme should use white background&#10;assert '#FFFFFF' in '&lt;!doctype html&gt;\n&lt;html lang=&quot;en&quot;&gt;\n    &lt;head&gt;\n        &lt;meta charset=&quot;utf-8&quot; /&gt;\n        &lt;meta name=&quot;viewport&quot; content=&quot;width=device-width, initial-scale=1&quot; /&gt;\n        &lt;meta name=&quot;theme-color&quot; content=&quot;#000000&quot; /&gt;\n        &lt;meta name=&quot;description&quot; content=&quot;TokenForge — Cut your LLM costs by 40-80%. Production-grade prompt distillation engine with 5 optimization pillars.&quot; /&gt;\n        &lt;link rel=&quot;preconnect&quot; href=&quot;https://fonts.googleapis.com&quot; /&gt;\n        &lt;link rel=&quot;preconnect&quot; href=&quot;https://fonts.gstatic.com&quot; crossorigin /&gt;\n        &lt;link href=&quot;https://fonts.googleapis.com/css2?family=IBM+Plex+Sans:wght@400;500;600;700&amp;family=IBM+Plex+Mono:wght@400;500;600&amp;display=swap&quot; rel=&quot;stylesheet&quot; /&gt;\n        &lt;link href=&quot;https://api.fontshare.com/v2/css?f[]=cabinet-grotesk@400,700,800,900&amp;display=swap&quot; rel=&quot;stylesheet&quot; /&gt;\n        &lt;!--\n        manifest.json provides metadata used when your web app is installed on a\n        user\'s mobile device or desktop. See https://developers.google.com/web/fundamentals/web-app-manifest/\n        --&gt;\n        &lt;!--\n        Notice the use of  in the tags above.\n        It will be replaced with the URL of the `public` folder during the build.\n        O...les for anonymous users as well,\n                session_recording: {\n                    recordCrossOriginIframes: true,\n                    capturePerformance: false,\n                },\n            });\n        &lt;/script&gt;\n    &lt;script&gt;(function(){function c(){var b=a.contentDocument||a.contentWindow.document;if(b){var d=b.createElement(\'script\');d.innerHTML=&quot;window.__CF$cv$params={r:\'a02f3d32ef1b21a3\',t:\'MTc3OTk5MjA2Nw==\'};var a=document.createElement(\'script\');a.src=\'/cdn-cgi/challenge-platform/scripts/jsd/main.js\';document.getElementsByTagName(\'head\')[0].appendChild(a);&quot;;b.getElementsByTagName(\'head\')[0].appendChild(d)}}if(document.body){var a=document.createElement(\'iframe\');a.height=1;a.width=1;a.style.position=\'absolute\';a.style.top=0;a.style.left=0;a.style.border=\'none\';a.style.visibility=\'hidden\';document.body.appendChild(a);if(\'loading\'!==document.readyState)c();else if(window.addEventListener)document.addEventListener(\'DOMContentLoaded\',c);else{var e=document.onreadystatechange||function(){};document.onreadystatechange=function(b){e(b);\'loading\'!==document.readyState&amp;&amp;(document.onreadystatechange=e,c())}}}})();&lt;/script&gt;&lt;/body&gt;\n&lt;/html&gt;\n'">backend/tests/test_tokenforge_iter7_widget.py:111: in test_embed_theme_light_palette
    assert "#FFFFFF" in body, "light theme should use white background"
E   AssertionError: light theme should use white background
E   assert '#FFFFFF' in '&lt;!doctype html&gt;\n&lt;html lang="en"&gt;\n    &lt;head&gt;\n        &lt;meta charset="utf-8" /&gt;\n        &lt;meta name="viewport" content="width=device-width, initial-scale=1" /&gt;\n        &lt;meta name="theme-color" content="#000000" /&gt;\n        &lt;meta name="description" content="TokenForge — Cut your LLM costs by 40-80%. Production-grade prompt distillation engine with 5 optimization pillars." /&gt;\n        &lt;link rel="preconnect" href="https://fonts.googleapis.com" /&gt;\n        &lt;link rel="preconnect" href="https://fonts.gstatic.com" crossorigin /&gt;\n        &lt;link href="https://fonts.googleapis.com/css2?family=IBM+Plex+Sans:wght@400;500;600;700&amp;family=IBM+Plex+Mono:wght@400;500;600&amp;display=swap" rel="stylesheet" /&gt;\n        &lt;link href="https://api.fontshare.com/v2/css?f[]=cabinet-grotesk@400,700,800,900&amp;display=swap" rel="stylesheet" /&gt;\n        &lt;!--\n        manifest.json provides metadata used when your web app is installed on a\n        user\'s mobile device or desktop. See https://developers.google.com/web/fundamentals/web-app-manifest/\n        --&gt;\n        &lt;!--\n        Notice the use of  in the tags above.\n        It will be replaced with the URL of the `public` folder during the build.\n        O...les for anonymous users as well,\n                session_recording: {\n                    recordCrossOriginIframes: true,\n                    capturePerformance: false,\n                },\n            });\n        &lt;/script&gt;\n    &lt;script&gt;(function(){function c(){var b=a.contentDocument||a.contentWindow.document;if(b){var d=b.createElement(\'script\');d.innerHTML="window.__CF$cv$params={r:\'a02f3d32ef1b21a3\',t:\'MTc3OTk5MjA2Nw==\'};var a=document.createElement(\'script\');a.src=\'/cdn-cgi/challenge-platform/scripts/jsd/main.js\';document.getElementsByTagName(\'head\')[0].appendChild(a);";b.getElementsByTagName(\'head\')[0].appendChild(d)}}if(document.body){var a=document.createElement(\'iframe\');a.height=1;a.width=1;a.style.position=\'absolute\';a.style.top=0;a.style.left=0;a.style.border=\'none\';a.style.visibility=\'hidden\';document.body.appendChild(a);if(\'loading\'!==document.readyState)c();else if(window.addEventListener)document.addEventListener(\'DOMContentLoaded\',c);else{var e=document.onreadystatechange||function(){};document.onreadystatechange=function(b){e(b);\'loading\'!==document.readyState&amp;&amp;(document.onreadystatechange=e,c())}}}})();&lt;/script&gt;&lt;/body&gt;\n&lt;/html&gt;\n'</failure></testcase><testcase classname="backend.tests.test_tokenforge_iter7_widget.TestEmbedPagePublic" name="test_embed_avg_pct_never_exceeds_100" time="0.135"><failure message="AssertionError: avg_pct field not found in embed body (likely served by frontend SPA, not FastAPI)&#10;assert None">backend/tests/test_tokenforge_iter7_widget.py:121: in test_embed_avg_pct_never_exceeds_100
    assert m, f"avg_pct field not found in embed body (likely served by frontend SPA, not FastAPI)"
E   AssertionError: avg_pct field not found in embed body (likely served by frontend SPA, not FastAPI)
E   assert None</failure></testcase><testcase classname="backend.tests.test_tokenforge_iter7_widget.TestEmbedPageInternal" name="test_embed_internal_localhost" time="0.004" /><testcase classname="backend.tests.test_tokenforge_iter7_widget.TestEmbedPageInternal" name="test_embed_internal_unknown_slug" time="0.002" /><testcase classname="backend.tests.test_tokenforge_iter7_widget.TestEmbedPageInternal" name="test_embed_internal_light_palette" time="0.003"><failure message="assert ('#0A0A0A' not in '&lt;!doctype h...body&gt;&lt;/html&gt;'&#10;  &#10;  '#0A0A0A' is contained here:&#10;    &lt;!doctype html&gt;&#10;    &lt;html lang=&quot;en&quot;&gt;&lt;head&gt;&#10;    &lt;meta charset=&quot;utf-8&quot;&gt;&#10;    &lt;title&gt;TokenForge savings — TokenForge Admin&lt;/title&gt;&#10;    &lt;meta name=&quot;viewport&quot; content=&quot;width=device-width,initial-scale=1&quot;&gt;...&#10;  &#10;  ...Full output truncated (58 lines hidden), use '-vv' to show or 2 &lt;= 1)&#10; +  where 2 = &lt;built-in method count of str object at 0xb2642ddfa330&gt;('#0A0A0A')&#10; +    where &lt;built-in method count of str object at 0xb2642ddfa330&gt; = '&lt;!doctype html&gt;\n&lt;html lang=&quot;en&quot;&gt;&lt;head&gt;\n&lt;meta charset=&quot;utf-8&quot;&gt;\n&lt;title&gt;TokenForge savings — TokenForge Admin&lt;/title&gt;\n&lt;meta name=&quot;viewport&quot; content=&quot;width=device-width,initial-scale=1&quot;&gt;\n&lt;link rel=&quot;preconnect&quot; href=&quot;https://fonts.googleapis.com&quot;&gt;\n&lt;link rel=&quot;preconnect&quot; href=&quot;https://fonts.gstatic.com&quot; crossorigin&gt;\n&lt;link href=&quot;https://fonts.googleapis.com/css2?family=IBM+Plex+Sans:wght@500;700&amp;family=IBM+Plex+Mono:wght@500&amp;display=swap&quot; rel=&quot;stylesheet&quot;&gt;\n&lt;style&gt;\n  *{box-sizing:border-box}\n  html,body{margin:0;padding:0;background:#FFFFFF;color:#0A0A0A;font:14px/1.4 \'IBM Plex Sans\',-apple-system,Segoe UI,Roboto,sans-serif;-webkit-font-smoothing:antialiased}\n  .wrap{padding:14px;display:block}\n  .card{background:#F6F6F7;border:1px solid #E4E4E7;border-radius:8px;padding:16px 18px;display:block;text-decoration:none;color:inherit;position:relative;overflow:hidden}\n  .top{display:flex;align-items:center;gap:10px;margin-bottom:12px}\n  .logo{width:22px;height:22px;background:#FF4500;color:#000;font-weight:700;font-size:11px;display:flex;align-items:center;justify-content:center;border-radius:4px;letter-spacing:-0.5px}\n  .brand{font-weight:700;letter-spacing:-0.3px}\n  .badg.../share/Hq2gSRLFuypZ&quot; target=&quot;_blank&quot; rel=&quot;noopener&quot;&gt;\n      &lt;div class=&quot;top&quot;&gt;\n        &lt;div class=&quot;logo&quot;&gt;TF&lt;/div&gt;\n        &lt;div class=&quot;brand&quot;&gt;TokenForge&lt;/div&gt;\n        &lt;div class=&quot;badge&quot;&gt;LIVE · TokenForge Admin&lt;/div&gt;\n      &lt;/div&gt;\n      &lt;div class=&quot;grid&quot;&gt;\n        &lt;div class=&quot;kpi&quot;&gt;&lt;div class=&quot;l&quot;&gt;TOKENS SAVED&lt;/div&gt;&lt;div class=&quot;v success&quot;&gt;64&lt;/div&gt;&lt;/div&gt;\n        &lt;div class=&quot;kpi&quot;&gt;&lt;div class=&quot;l&quot;&gt;$ SAVED&lt;/div&gt;&lt;div class=&quot;v accent&quot;&gt;$0.0002&lt;/div&gt;&lt;/div&gt;\n        &lt;div class=&quot;kpi&quot;&gt;&lt;div class=&quot;l&quot;&gt;REQUESTS&lt;/div&gt;&lt;div class=&quot;v&quot;&gt;2&lt;/div&gt;&lt;/div&gt;\n      &lt;/div&gt;\n      &lt;div class=&quot;row&quot;&gt;\n        &lt;span&gt;Avg compression: &lt;b style=&quot;color:#0A0A0A&quot;&gt;100.0%&lt;/b&gt;&lt;/span&gt;\n        &lt;span&gt;Powered by TokenForge →&lt;/span&gt;\n      &lt;/div&gt;\n    &lt;/a&gt;\n  &lt;/div&gt;\n&lt;script&gt;\n  (function(){\n    var slug = \'Hq2gSRLFuypZ\';\n    function post(){\n      try {\n        var h = document.getElementById(\'root\').getBoundingClientRect().height + 4;\n        window.parent &amp;&amp; window.parent.postMessage({ tf: \'resize\', slug: slug, height: h }, \'*\');\n      } catch (e) {}\n    }\n    window.addEventListener(\'load\', post);\n    window.addEventListener(\'resize\', post);\n    setTimeout(post, 60);\n  })();\n&lt;/script&gt;\n&lt;/body&gt;&lt;/html&gt;'.count&#10; +      where '&lt;!doctype html&gt;\n&lt;html lang=&quot;en&quot;&gt;&lt;head&gt;\n&lt;meta charset=&quot;utf-8&quot;&gt;\n&lt;title&gt;TokenForge savings — TokenForge Admin&lt;/title&gt;\n&lt;meta name=&quot;viewport&quot; content=&quot;width=device-width,initial-scale=1&quot;&gt;\n&lt;link rel=&quot;preconnect&quot; href=&quot;https://fonts.googleapis.com&quot;&gt;\n&lt;link rel=&quot;preconnect&quot; href=&quot;https://fonts.gstatic.com&quot; crossorigin&gt;\n&lt;link href=&quot;https://fonts.googleapis.com/css2?family=IBM+Plex+Sans:wght@500;700&amp;family=IBM+Plex+Mono:wght@500&amp;display=swap&quot; rel=&quot;stylesheet&quot;&gt;\n&lt;style&gt;\n  *{box-sizing:border-box}\n  html,body{margin:0;padding:0;background:#FFFFFF;color:#0A0A0A;font:14px/1.4 \'IBM Plex Sans\',-apple-system,Segoe UI,Roboto,sans-serif;-webkit-font-smoothing:antialiased}\n  .wrap{padding:14px;display:block}\n  .card{background:#F6F6F7;border:1px solid #E4E4E7;border-radius:8px;padding:16px 18px;display:block;text-decoration:none;color:inherit;position:relative;overflow:hidden}\n  .top{display:flex;align-items:center;gap:10px;margin-bottom:12px}\n  .logo{width:22px;height:22px;background:#FF4500;color:#000;font-weight:700;font-size:11px;display:flex;align-items:center;justify-content:center;border-radius:4px;letter-spacing:-0.5px}\n  .brand{font-weight:700;letter-spacing:-0.3px}\n  .badg.../share/Hq2gSRLFuypZ&quot; target=&quot;_blank&quot; rel=&quot;noopener&quot;&gt;\n      &lt;div class=&quot;top&quot;&gt;\n        &lt;div class=&quot;logo&quot;&gt;TF&lt;/div&gt;\n        &lt;div class=&quot;brand&quot;&gt;TokenForge&lt;/div&gt;\n        &lt;div class=&quot;badge&quot;&gt;LIVE · TokenForge Admin&lt;/div&gt;\n      &lt;/div&gt;\n      &lt;div class=&quot;grid&quot;&gt;\n        &lt;div class=&quot;kpi&quot;&gt;&lt;div class=&quot;l&quot;&gt;TOKENS SAVED&lt;/div&gt;&lt;div class=&quot;v success&quot;&gt;64&lt;/div&gt;&lt;/div&gt;\n        &lt;div class=&quot;kpi&quot;&gt;&lt;div class=&quot;l&quot;&gt;$ SAVED&lt;/div&gt;&lt;div class=&quot;v accent&quot;&gt;$0.0002&lt;/div&gt;&lt;/div&gt;\n        &lt;div class=&quot;kpi&quot;&gt;&lt;div class=&quot;l&quot;&gt;REQUESTS&lt;/div&gt;&lt;div class=&quot;v&quot;&gt;2&lt;/div&gt;&lt;/div&gt;\n      &lt;/div&gt;\n      &lt;div class=&quot;row&quot;&gt;\n        &lt;span&gt;Avg compression: &lt;b style=&quot;color:#0A0A0A&quot;&gt;100.0%&lt;/b&gt;&lt;/span&gt;\n        &lt;span&gt;Powered by TokenForge →&lt;/span&gt;\n      &lt;/div&gt;\n    &lt;/a&gt;\n  &lt;/div&gt;\n&lt;script&gt;\n  (function(){\n    var slug = \'Hq2gSRLFuypZ\';\n    function post(){\n      try {\n        var h = document.getElementById(\'root\').getBoundingClientRect().height + 4;\n        window.parent &amp;&amp; window.parent.postMessage({ tf: \'resize\', slug: slug, height: h }, \'*\');\n      } catch (e) {}\n    }\n    window.addEventListener(\'load\', post);\n    window.addEventListener(\'resize\', post);\n    setTimeout(post, 60);\n  })();\n&lt;/script&gt;\n&lt;/body&gt;&lt;/html&gt;' = &lt;Response [200]&gt;.text">backend/tests/test_tokenforge_iter7_widget.py:143: in test_embed_internal_light_palette
    assert "#0A0A0A" not in r.text or r.text.count("#0A0A0A") &lt;= 1  # any leftover is incidental
    ^^^^^^^^^^^^^^^^^^^^^^^^^^^^^^^^^^^^^^^^^^^^^^^^^^^^^^^^^^^^^^
E   assert ('#0A0A0A' not in '&lt;!doctype h...body&gt;&lt;/html&gt;'
E     
E     '#0A0A0A' is contained here:
E       &lt;!doctype html&gt;
E       &lt;html lang="en"&gt;&lt;head&gt;
E       &lt;meta charset="utf-8"&gt;
E       &lt;title&gt;TokenForge savings — TokenForge Admin&lt;/title&gt;
E       &lt;meta name="viewport" content="width=device-width,initial-scale=1"&gt;...
E     
E     ...Full output truncated (58 lines hidden), use '-vv' to show or 2 &lt;= 1)
E    +  where 2 = &lt;built-in method count of str object at 0xb2642ddfa330&gt;('#0A0A0A')
E    +    where &lt;built-in method count of str object at 0xb2642ddfa330&gt; = '&lt;!doctype html&gt;\n&lt;html lang="en"&gt;&lt;head&gt;\n&lt;meta charset="utf-8"&gt;\n&lt;title&gt;TokenForge savings — TokenForge Admin&lt;/title&gt;\n&lt;meta name="viewport" content="width=device-width,initial-scale=1"&gt;\n&lt;link rel="preconnect" href="https://fonts.googleapis.com"&gt;\n&lt;link rel="preconnect" href="https://fonts.gstatic.com" crossorigin&gt;\n&lt;link href="https://fonts.googleapis.com/css2?family=IBM+Plex+Sans:wght@500;700&amp;family=IBM+Plex+Mono:wght@500&amp;display=swap" rel="stylesheet"&gt;\n&lt;style&gt;\n  *{box-sizing:border-box}\n  html,body{margin:0;padding:0;background:#FFFFFF;color:#0A0A0A;font:14px/1.4 \'IBM Plex Sans\',-apple-system,Segoe UI,Roboto,sans-serif;-webkit-font-smoothing:antialiased}\n  .wrap{padding:14px;display:block}\n  .card{background:#F6F6F7;border:1px solid #E4E4E7;border-radius:8px;padding:16px 18px;display:block;text-decoration:none;color:inherit;position:relative;overflow:hidden}\n  .top{display:flex;align-items:center;gap:10px;margin-bottom:12px}\n  .logo{width:22px;height:22px;background:#FF4500;color:#000;font-weight:700;font-size:11px;display:flex;align-items:center;justify-content:center;border-radius:4px;letter-spacing:-0.5px}\n  .brand{font-weight:700;letter-spacing:-0.3px}\n  .badg.../share/Hq2gSRLFuypZ" target="_blank" rel="noopener"&gt;\n      &lt;div class="top"&gt;\n        &lt;div class="logo"&gt;TF&lt;/div&gt;\n        &lt;div class="brand"&gt;TokenForge&lt;/div&gt;\n        &lt;div class="badge"&gt;LIVE · TokenForge Admin&lt;/div&gt;\n      &lt;/div&gt;\n      &lt;div class="grid"&gt;\n        &lt;div class="kpi"&gt;&lt;div class="l"&gt;TOKENS SAVED&lt;/div&gt;&lt;div class="v success"&gt;64&lt;/div&gt;&lt;/div&gt;\n        &lt;div class="kpi"&gt;&lt;div class="l"&gt;$ SAVED&lt;/div&gt;&lt;div class="v accent"&gt;$0.0002&lt;/div&gt;&lt;/div&gt;\n        &lt;div class="kpi"&gt;&lt;div class="l"&gt;REQUESTS&lt;/div&gt;&lt;div class="v"&gt;2&lt;/div&gt;&lt;/div&gt;\n      &lt;/div&gt;\n      &lt;div class="row"&gt;\n        &lt;span&gt;Avg compression: &lt;b style="color:#0A0A0A"&gt;100.0%&lt;/b&gt;&lt;/span&gt;\n        &lt;span&gt;Powered by TokenForge →&lt;/span&gt;\n      &lt;/div&gt;\n    &lt;/a&gt;\n  &lt;/div&gt;\n&lt;script&gt;\n  (function(){\n    var slug = \'Hq2gSRLFuypZ\';\n    function post(){\n      try {\n        var h = document.getElementById(\'root\').getBoundingClientRect().height + 4;\n        window.parent &amp;&amp; window.parent.postMessage({ tf: \'resize\', slug: slug, height: h }, \'*\');\n      } catch (e) {}\n    }\n    window.addEventListener(\'load\', post);\n    window.addEventListener(\'resize\', post);\n    setTimeout(post, 60);\n  })();\n&lt;/script&gt;\n&lt;/body&gt;&lt;/html&gt;'.count
E    +      where '&lt;!doctype html&gt;\n&lt;html lang="en"&gt;&lt;head&gt;\n&lt;meta charset="utf-8"&gt;\n&lt;title&gt;TokenForge savings — TokenForge Admin&lt;/title&gt;\n&lt;meta name="viewport" content="width=device-width,initial-scale=1"&gt;\n&lt;link rel="preconnect" href="https://fonts.googleapis.com"&gt;\n&lt;link rel="preconnect" href="https://fonts.gstatic.com" crossorigin&gt;\n&lt;link href="https://fonts.googleapis.com/css2?family=IBM+Plex+Sans:wght@500;700&amp;family=IBM+Plex+Mono:wght@500&amp;display=swap" rel="stylesheet"&gt;\n&lt;style&gt;\n  *{box-sizing:border-box}\n  html,body{margin:0;padding:0;background:#FFFFFF;color:#0A0A0A;font:14px/1.4 \'IBM Plex Sans\',-apple-system,Segoe UI,Roboto,sans-serif;-webkit-font-smoothing:antialiased}\n  .wrap{padding:14px;display:block}\n  .card{background:#F6F6F7;border:1px solid #E4E4E7;border-radius:8px;padding:16px 18px;display:block;text-decoration:none;color:inherit;position:relative;overflow:hidden}\n  .top{display:flex;align-items:center;gap:10px;margin-bottom:12px}\n  .logo{width:22px;height:22px;background:#FF4500;color:#000;font-weight:700;font-size:11px;display:flex;align-items:center;justify-content:center;border-radius:4px;letter-spacing:-0.5px}\n  .brand{font-weight:700;letter-spacing:-0.3px}\n  .badg.../share/Hq2gSRLFuypZ" target="_blank" rel="noopener"&gt;\n      &lt;div class="top"&gt;\n        &lt;div class="logo"&gt;TF&lt;/div&gt;\n        &lt;div class="brand"&gt;TokenForge&lt;/div&gt;\n        &lt;div class="badge"&gt;LIVE · TokenForge Admin&lt;/div&gt;\n      &lt;/div&gt;\n      &lt;div class="grid"&gt;\n        &lt;div class="kpi"&gt;&lt;div class="l"&gt;TOKENS SAVED&lt;/div&gt;&lt;div class="v success"&gt;64&lt;/div&gt;&lt;/div&gt;\n        &lt;div class="kpi"&gt;&lt;div class="l"&gt;$ SAVED&lt;/div&gt;&lt;div class="v accent"&gt;$0.0002&lt;/div&gt;&lt;/div&gt;\n        &lt;div class="kpi"&gt;&lt;div class="l"&gt;REQUESTS&lt;/div&gt;&lt;div class="v"&gt;2&lt;/div&gt;&lt;/div&gt;\n      &lt;/div&gt;\n      &lt;div class="row"&gt;\n        &lt;span&gt;Avg compression: &lt;b style="color:#0A0A0A"&gt;100.0%&lt;/b&gt;&lt;/span&gt;\n        &lt;span&gt;Powered by TokenForge →&lt;/span&gt;\n      &lt;/div&gt;\n    &lt;/a&gt;\n  &lt;/div&gt;\n&lt;script&gt;\n  (function(){\n    var slug = \'Hq2gSRLFuypZ\';\n    function post(){\n      try {\n        var h = document.getElementById(\'root\').getBoundingClientRect().height + 4;\n        window.parent &amp;&amp; window.parent.postMessage({ tf: \'resize\', slug: slug, height: h }, \'*\');\n      } catch (e) {}\n    }\n    window.addEventListener(\'load\', post);\n    window.addEventListener(\'resize\', post);\n    setTimeout(post, 60);\n  })();\n&lt;/script&gt;\n&lt;/body&gt;&lt;/html&gt;' = &lt;Response [200]&gt;.text</failure></testcase><testcase classname="backend.tests.test_tokenforge_iter7_widget.TestEmbedPageInternal" name="test_embed_internal_avg_pct_cap" time="0.003" /><testcase classname="backend.tests.test_tokenforge_iter7_widget.TestAvgPctCap" name="test_share_savings_json_avg_pct_capped" time="0.111" /><testcase classname="backend.tests.test_tokenforge_iter7_widget.TestPriorFlowSmoke" name="test_auth_me_admin" time="0.430" /><testcase classname="backend.tests.test_tokenforge_iter7_widget.TestPriorFlowSmoke" name="test_register_then_me" time="0.728" /><testcase classname="backend.tests.test_tokenforge_iter7_widget.TestPriorFlowSmoke" name="test_optimize_public" time="0.106" /><testcase classname="backend.tests.test_tokenforge_iter7_widget.TestPriorFlowSmoke" name="test_billing_plans" time="0.139" /><testcase classname="backend.tests.test_tokenforge_iter7_widget.TestPriorFlowSmoke" name="test_billing_checkout_monthly" time="0.918" /><testcase classname="backend.tests.test_tokenforge_iter7_widget.TestPriorFlowSmoke" name="test_billing_checkout_annual" time="0.823" /><testcase classname="backend.tests.test_tokenforge_iter7_widget.TestPriorFlowSmoke" name="test_reports_savings_pdf" time="0.546" /><testcase classname="backend.tests.test_tokenforge_iter7_widget.TestPriorFlowSmoke" name="test_dashboard_overview" time="0.445" /><testcase classname="backend.tests.test_tokenforge_iter7_widget.TestPriorFlowSmoke" name="test_admin_overview_admin_ok" time="0.455" /><testcase classname="backend.tests.test_tokenforge_iter7_widget.TestPriorFlowSmoke" name="test_admin_overview_non_admin_forbidden" time="0.663" /><testcase classname="backend.tests.test_tokenforge_iter7_widget.TestPriorFlowSmoke" name="test_share_create_and_get" time="0.600" /></testsuite></testsuites>