<?xml version="1.0" encoding="utf-8"?><testsuites name="pytest tests"><testsuite name="pytest" errors="0" failures="0" skipped="3" tests="13" time="110.144" timestamp="2026-05-28T23:01:48.015381+00:00" hostname="agent-env-1559a4ab-18ed-4daf-9f56-8f6968f4c2ae"><testcase classname="backend.tests.test_tokenforge_iter15_byok_routing.TestByokRouting" name="test_a_store_bogus_key_then_proxy_chat_must_fail" time="1.368" /><testcase classname="backend.tests.test_tokenforge_iter15_byok_routing.TestByokRouting" name="test_b_restore_real_key_proxy_chat_returns_real_text" time="0.389"><skipped type="pytest.skip" message="Google free-tier daily quota exhausted on the BYOK key — env-only">/app/backend/tests/test_tokenforge_iter15_byok_routing.py:107: Google free-tier daily quota exhausted on the BYOK key — env-only</skipped></testcase><testcase classname="backend.tests.test_tokenforge_iter15_byok_routing.TestByokTestEndpoint" name="test_a_valid_google_returns_ok_true" time="13.532"><skipped type="pytest.skip" message="Google free-tier daily quota exhausted on BYOK key — endpoint returned correct friendly message ('out of credits'). Env-only.">/app/backend/tests/test_tokenforge_iter15_byok_routing.py:126: Google free-tier daily quota exhausted on BYOK key — endpoint returned correct friendly message ('out of credits'). Env-only.</skipped></testcase><testcase classname="backend.tests.test_tokenforge_iter15_byok_routing.TestByokTestEndpoint" name="test_b_invalid_google_returns_ok_false" time="13.484" /><testcase classname="backend.tests.test_tokenforge_iter15_byok_routing.TestByokTestEndpoint" name="test_c_anthropic_no_stored_key_returns_404" time="13.237" /><testcase classname="backend.tests.test_tokenforge_iter15_byok_routing.TestByokTestEndpoint" name="test_d_free_user_returns_402" time="0.638" /><testcase classname="backend.tests.test_tokenforge_iter15_byok_routing.TestByokTestRateLimit" name="test_rate_limit_429_after_5" time="63.673" /><testcase classname="backend.tests.test_tokenforge_iter15_byok_routing.TestLoginTimingLeak" name="test_existing_vs_nonexistent_both_return_401_with_similar_timing" time="1.407" /><testcase classname="backend.tests.test_tokenforge_iter15_byok_routing.TestFreeUserRegression" name="test_free_proxy_openai_downgraded" time="0.415"><skipped type="pytest.skip" message="Google free-tier daily quota exhausted on platform key — env-only">/app/backend/tests/test_tokenforge_iter15_byok_routing.py:231: Google free-tier daily quota exhausted on platform key — env-only</skipped></testcase><testcase classname="backend.tests.test_tokenforge_iter15_byok_routing.TestFreeUserRegression" name="test_free_byok_post_returns_402" time="0.106" /><testcase classname="backend.tests.test_tokenforge_iter15_byok_routing.TestRegressionHappyPath" name="test_happy_path" time="1.676" /><testcase classname="backend.tests.test_tokenforge_iter15_byok_routing" name="test_emergentintegrations_not_importable" time="0.000" /><testcase classname="backend.tests.test_tokenforge_iter15_byok_routing" name="test_zz_cleanup_restore_real_key" time="0.127" /></testsuite></testsuites>