<?xml version="1.0" encoding="utf-8"?><testsuites name="pytest tests"><testsuite name="pytest" errors="0" failures="0" skipped="0" tests="13" time="5.385" timestamp="2026-05-28T20:08:36.534805+00:00" hostname="agent-env-1559a4ab-18ed-4daf-9f56-8f6968f4c2ae"><testcase classname="tests.test_tokenforge_iter11.TestOgImage" name="test_og_known_slug_returns_png" time="0.916" /><testcase classname="tests.test_tokenforge_iter11.TestOgImage" name="test_og_unknown_slug_returns_placeholder_not_404" time="0.287" /><testcase classname="tests.test_tokenforge_iter11.TestReferralsMe" name="test_referrals_me_requires_auth" time="0.131" /><testcase classname="tests.test_tokenforge_iter11.TestReferralsMe" name="test_referrals_me_shape" time="0.218" /><testcase classname="tests.test_tokenforge_iter11.TestRegisterReferralBonus" name="test_register_with_valid_ref_grants_bonus_to_both" time="1.130" /><testcase classname="tests.test_tokenforge_iter11.TestRegisterReferralBonus" name="test_register_with_unknown_ref_no_bonus" time="0.733" /><testcase classname="tests.test_tokenforge_iter11.TestRegisterReferralBonus" name="test_register_with_self_ref_no_bonus" time="0.000" /><testcase classname="tests.test_tokenforge_iter11.TestRegisterReferralBonus" name="test_register_two_different_referees_same_referrer_both_succeed" time="1.273" /><testcase classname="tests.test_tokenforge_iter11.TestShowcase" name="test_showcase_returns_customers_list" time="0.136" /><testcase classname="tests.test_tokenforge_iter11.TestShowcase" name="test_showcase_sorted_desc_by_cost_saved" time="0.124" /><testcase classname="tests.test_tokenforge_iter11.TestShowcase" name="test_showcase_respects_limit" time="0.138" /><testcase classname="tests.test_tokenforge_iter11.TestCors" name="test_cors_allowed_origin_echoed" time="0.087" /><testcase classname="tests.test_tokenforge_iter11.TestCors" name="test_cors_disallowed_origin_not_echoed" time="0.115" /></testsuite></testsuites>